<?xml version="1.0" encoding="UTF-8"?>
<testng-results ignored="2" total="3" passed="1" failed="0" skipped="0">
  <reporter-output>
  </reporter-output>
  <suite started-at="2021-06-24T10:41:10 IST" name="Default suite" finished-at="2021-06-24T10:41:14 IST" duration-ms="3789">
    <groups>
    </groups>
    <test started-at="2021-06-24T10:41:10 IST" name="Default test" finished-at="2021-06-24T10:41:14 IST" duration-ms="3789">
      <class name="Demos.restAssuredDemo">
        <test-method signature="testcase3()[pri:0, instance:Demos.restAssuredDemo@25d250c6]" started-at="2021-06-24T10:41:10 IST" name="testcase3" finished-at="2021-06-24T10:41:14 IST" duration-ms="3713" status="PASS">
          <reporter-output>
          </reporter-output>
        </test-method> <!-- testcase3 -->
      </class> <!-- Demos.restAssuredDemo -->
    </test> <!-- Default test -->
  </suite> <!-- Default suite -->
</testng-results>
