<?xml version="1.0" encoding="UTF-8"?>
<!-- Generated by org.testng.reporters.JUnitXMLReporter -->
<testsuite ignored="2" hostname="DESKTOP-M0ACNOV" failures="0" tests="1" name="Default test" time="3.789" errors="0" timestamp="2021-06-24T10:41:14 IST">
  <testcase classname="Demos.restAssuredDemo" name="testcase3" time="3.713"/>
  <testcase classname="Demos.restAssuredDemo" name="testcase2" time="0.0">
    <ignored/>
  </testcase> <!-- testcase2 -->
  <testcase classname="Demos.restAssuredDemo" name="testcase1" time="0.0">
    <ignored/>
  </testcase> <!-- testcase1 -->
</testsuite> <!-- Default test -->
